[debug] [2020-08-04T08:37:30.523Z] ----------------------------------------------------------------------
[debug] [2020-08-04T08:37:30.528Z] Command:       /usr/local/bin/firebase /Users/rohitp/.cache/firebase/tools/lib/node_modules/firebase-tools/lib/bin/firebase deploy
[debug] [2020-08-04T08:37:30.528Z] CLI Version:   8.5.0
[debug] [2020-08-04T08:37:30.529Z] Platform:      darwin
[debug] [2020-08-04T08:37:30.529Z] Node Version:  v12.18.1
[debug] [2020-08-04T08:37:30.542Z] Time:          Tue Aug 04 2020 14:07:30 GMT+0530 (India Standard Time)
[debug] [2020-08-04T08:37:30.542Z] ----------------------------------------------------------------------
[debug] [2020-08-04T08:37:30.542Z] 
[debug] [2020-08-04T08:37:30.566Z] > command requires scopes: ["email","openid","https://www.googleapis.com/auth/cloudplatformprojects.readonly","https://www.googleapis.com/auth/firebase","https://www.googleapis.com/auth/cloud-platform"]
[debug] [2020-08-04T08:37:30.567Z] > authorizing via signed-in user
[debug] [2020-08-04T08:37:30.568Z] [iam] checking project html-d5f1b for permissions ["firebase.projects.get","firebasehosting.sites.update"]
[debug] [2020-08-04T08:37:30.577Z] >>> HTTP REQUEST POST https://cloudresourcemanager.googleapis.com/v1/projects/html-d5f1b:testIamPermissions  
 {"permissions":["firebase.projects.get","firebasehosting.sites.update"]}
[debug] [2020-08-04T08:37:32.623Z] <<< HTTP RESPONSE 200 {"content-type":"application/json; charset=UTF-8","vary":"X-Origin, Referer, Origin,Accept-Encoding","date":"Tue, 04 Aug 2020 08:37:32 GMT","server":"ESF","cache-control":"private","x-xss-protection":"0","x-frame-options":"SAMEORIGIN","x-content-type-options":"nosniff","server-timing":"gfet4t7; dur=1304","alt-svc":"h3-29=\":443\"; ma=2592000,h3-27=\":443\"; ma=2592000,h3-T050=\":443\"; ma=2592000,h3-Q050=\":443\"; ma=2592000,h3-Q046=\":443\"; ma=2592000,h3-Q043=\":443\"; ma=2592000,quic=\":443\"; ma=2592000; v=\"46,43\"","accept-ranges":"none","transfer-encoding":"chunked"}
[debug] [2020-08-04T08:37:32.626Z] >>> HTTP REQUEST GET https://firebase.googleapis.com/v1beta1/projects/html-d5f1b  
 
[debug] [2020-08-04T08:37:33.337Z] <<< HTTP RESPONSE 200 {"content-type":"application/json; charset=UTF-8","vary":"X-Origin, Referer, Origin,Accept-Encoding","date":"Tue, 04 Aug 2020 08:37:33 GMT","server":"ESF","cache-control":"private","x-xss-protection":"0","x-frame-options":"SAMEORIGIN","x-content-type-options":"nosniff","alt-svc":"h3-29=\":443\"; ma=2592000,h3-27=\":443\"; ma=2592000,h3-T050=\":443\"; ma=2592000,h3-Q050=\":443\"; ma=2592000,h3-Q046=\":443\"; ma=2592000,h3-Q043=\":443\"; ma=2592000,quic=\":443\"; ma=2592000; v=\"46,43\"","accept-ranges":"none","transfer-encoding":"chunked"}
[info] 
[info] === Deploying to 'html-d5f1b'...
[info] 
[info] i  deploying hosting 
[debug] [2020-08-04T08:37:33.342Z] >>> HTTP REQUEST POST https://firebasehosting.googleapis.com/v1beta1/sites/html-d5f1b/versions  
 {"config":{},"labels":{"deployment-tool":"cli-firebase"}}
[debug] [2020-08-04T08:37:35.590Z] <<< HTTP RESPONSE 200 {"content-type":"application/json; charset=UTF-8","vary":"X-Origin, Referer, Origin,Accept-Encoding","date":"Tue, 04 Aug 2020 08:37:35 GMT","server":"ESF","cache-control":"private","x-xss-protection":"0","x-frame-options":"SAMEORIGIN","x-content-type-options":"nosniff","alt-svc":"h3-29=\":443\"; ma=2592000,h3-27=\":443\"; ma=2592000,h3-T050=\":443\"; ma=2592000,h3-Q050=\":443\"; ma=2592000,h3-Q046=\":443\"; ma=2592000,h3-Q043=\":443\"; ma=2592000,quic=\":443\"; ma=2592000; v=\"46,43\"","accept-ranges":"none","transfer-encoding":"chunked"}
[info] i  hosting[html-d5f1b]: beginning deploy... 
[info] i  hosting[html-d5f1b]: found 64 files in public 
[debug] [2020-08-04T08:37:35.673Z] [hosting] hash cache [cHVibGlj] stored for 64 files
[debug] [2020-08-04T08:37:35.673Z] [hosting][hash queue][FINAL] {"max":23,"min":1,"avg":2.6782896721021707,"active":0,"complete":64,"success":64,"errored":0,"retried":0,"total":64,"elapsed":36}
[debug] [2020-08-04T08:37:35.673Z] >>> HTTP REQUEST POST https://firebasehosting.googleapis.com/v1beta1/sites/html-d5f1b/versions/dcaa4187ea900ffe:populateFiles  
 <request body omitted>
[debug] [2020-08-04T08:37:37.609Z] <<< HTTP RESPONSE 200 {"content-type":"application/json; charset=UTF-8","vary":"X-Origin, Referer, Origin,Accept-Encoding","date":"Tue, 04 Aug 2020 08:37:37 GMT","server":"ESF","cache-control":"private","x-xss-protection":"0","x-frame-options":"SAMEORIGIN","x-content-type-options":"nosniff","alt-svc":"h3-29=\":443\"; ma=2592000,h3-27=\":443\"; ma=2592000,h3-T050=\":443\"; ma=2592000,h3-Q050=\":443\"; ma=2592000,h3-Q046=\":443\"; ma=2592000,h3-Q043=\":443\"; ma=2592000,quic=\":443\"; ma=2592000; v=\"46,43\"","accept-ranges":"none","transfer-encoding":"chunked"}
[debug] [2020-08-04T08:37:37.613Z] [hosting][populate queue][FINAL] {"max":1939,"min":1939,"avg":1939,"active":0,"complete":1,"success":1,"errored":0,"retried":0,"total":1,"elapsed":1942}
[debug] [2020-08-04T08:37:37.613Z] [hosting] uploads queued: 5
[debug] [2020-08-04T08:37:40.508Z] [hosting][upload queue][FINAL] {"max":2897,"min":2008,"avg":2235.8,"active":0,"complete":5,"success":5,"errored":0,"retried":0,"total":5,"elapsed":2899}
[info] ✔  hosting[html-d5f1b]: file upload complete 
[debug] [2020-08-04T08:37:40.508Z] [hosting] deploy completed after 4916ms
[debug] [2020-08-04T08:37:40.847Z] [
  {
    "config": {
      "public": "public",
      "ignore": [
        "firebase.json",
        "**/.*",
        "**/node_modules/**"
      ],
      "site": "html-d5f1b"
    },
    "site": "html-d5f1b",
    "version": "sites/html-d5f1b/versions/dcaa4187ea900ffe"
  }
]
[info] i  hosting[html-d5f1b]: finalizing version... 
[debug] [2020-08-04T08:37:40.848Z] >>> HTTP REQUEST PATCH https://firebasehosting.googleapis.com/v1beta1/sites/html-d5f1b/versions/dcaa4187ea900ffe?updateMask=status  
 {"status":"FINALIZED"}
[debug] [2020-08-04T08:37:42.757Z] <<< HTTP RESPONSE 200 {"content-type":"application/json; charset=UTF-8","vary":"X-Origin, Referer, Origin,Accept-Encoding","date":"Tue, 04 Aug 2020 08:37:42 GMT","server":"ESF","cache-control":"private","x-xss-protection":"0","x-frame-options":"SAMEORIGIN","x-content-type-options":"nosniff","alt-svc":"h3-29=\":443\"; ma=2592000,h3-27=\":443\"; ma=2592000,h3-T050=\":443\"; ma=2592000,h3-Q050=\":443\"; ma=2592000,h3-Q046=\":443\"; ma=2592000,h3-Q043=\":443\"; ma=2592000,quic=\":443\"; ma=2592000; v=\"46,43\"","accept-ranges":"none","transfer-encoding":"chunked"}
[debug] [2020-08-04T08:37:42.758Z] [hosting] finalized version for html-d5f1b: {"name":"sites/html-d5f1b/versions/dcaa4187ea900ffe","status":"FINALIZED","config":{},"labels":{"deployment-tool":"cli-firebase"},"createTime":"2020-08-04T08:37:35.237659Z","createUser":{"email":"rohit211195@gmail.com"},"finalizeTime":"2020-08-04T08:37:42.558709Z","finalizeUser":{"email":"rohit211195@gmail.com"}}
[info] ✔  hosting[html-d5f1b]: version finalized 
[info] i  hosting[html-d5f1b]: releasing new version... 
[debug] [2020-08-04T08:37:42.760Z] >>> HTTP REQUEST POST https://firebasehosting.googleapis.com/v1beta1/sites/html-d5f1b/releases?version_name=sites/html-d5f1b/versions/dcaa4187ea900ffe  
 {"message":null}
